
command_options: system execution failed.
Following is the set of recorded exceptions:

******************************** Thread exception *****************************
In thread           Root thread            0x0 (thread id)
*******************************************************************************
-------------------------------------------------------------------------------
Class / Object      Routine                Nature of exception           Effect
-------------------------------------------------------------------------------
BSON                make_by_pointer @1     a_ptr_not_null:              
<000001DE5D570818>  (From MEMORY_STRUCTURE)
                                           Precondition violated.        Fail
-------------------------------------------------------------------------------
BSON                make_from_json @4                                   
<000001DE5D570818>                         Routine failure.              Fail
-------------------------------------------------------------------------------
APPLICATION         make @6                                             
<000001DE5D570588>                         Routine failure.              Fail
-------------------------------------------------------------------------------
APPLICATION         root's creation                                     
<000001DE5D570588>                         Routine failure.              Exit
-------------------------------------------------------------------------------

command_options: system execution failed.
Following is the set of recorded exceptions:

******************************** Thread exception *****************************
In thread           Root thread            0x0 (thread id)
*******************************************************************************
-------------------------------------------------------------------------------
Class / Object      Routine                Nature of exception           Effect
-------------------------------------------------------------------------------
BSON                make_by_pointer @1     a_ptr_not_null:              
<000002A7E9414558>  (From MEMORY_STRUCTURE)
                                           Precondition violated.        Fail
-------------------------------------------------------------------------------
BSON                make_from_json @4                                   
<000002A7E9414558>                         Routine failure.              Fail
-------------------------------------------------------------------------------
APPLICATION         make @21                                            
<000002A7E94125A8>                         Routine failure.              Fail
-------------------------------------------------------------------------------
APPLICATION         root's creation                                     
<000002A7E94125A8>                         Routine failure.              Exit
-------------------------------------------------------------------------------
