
list_databases: system execution failed.
Following is the set of recorded exceptions:

******************************** Thread exception *****************************
In thread           Root thread            0x0 (thread id)
*******************************************************************************
-------------------------------------------------------------------------------
Class / Object      Routine                Nature of exception           Effect
-------------------------------------------------------------------------------
MONGODB_CLIENT      c_mongoc_client_get_database_names_count
                                           Segmentation violation:
<000001E5ED8115C8>  (From MONGODB_EXTERNALS)
                                           Operating system signal.      Fail
-------------------------------------------------------------------------------
MONGODB_CLIENT      c_mongoc_client_get_database_names_count
<000001E5ED8115C8>  (From MONGODB_EXTERNALS)
                                           Routine failure.              Fail
-------------------------------------------------------------------------------
MONGODB_CLIENT      database_names @6                                   
<000001E5ED8115C8>                         Routine failure.              Fail
-------------------------------------------------------------------------------
APPLICATION         make @2                                             
<000001E5ED811588>                         Routine failure.              Fail
-------------------------------------------------------------------------------
APPLICATION         root's creation                                     
<000001E5ED811588>                         Routine failure.              Exit
-------------------------------------------------------------------------------
